
> @ prebuild C:\Abraham-of-london
> pnpm pdf:registry:full && pnpm pdf:generate:assets && pnpm fm:validate && pnpm fix:windows && pnpm fix:yaml && pnpm content:full && pnpm assets:optimize


> @ pdf:registry:full C:\Abraham-of-london
> pnpm pdf:registry:build && pnpm pdf:registry && pnpm pdf:variants


> @ pdf:registry:build C:\Abraham-of-london
> tsx scripts/pdf/build-pdf-registry-generated.ts

Generated: scripts\pdf\pdf-registry.generated.ts
Entries: 58 (base=58, variants=0)

> @ pdf:registry C:\Abraham-of-london
> tsx scripts/pdf/build-pdf-registry.ts


­ƒôª Step 1/3 ÔÇö Build generated PDF registry
ÔÇöÔÇöÔÇöÔÇöÔÇöÔÇöÔÇöÔÇöÔÇöÔÇöÔÇöÔÇöÔÇöÔÇöÔÇöÔÇöÔÇöÔÇöÔÇöÔÇöÔÇöÔÇöÔÇöÔÇöÔÇöÔÇöÔÇöÔÇöÔÇöÔÇöÔÇöÔÇöÔÇöÔÇöÔÇöÔÇöÔÇöÔÇöÔÇöÔÇöÔÇöÔÇöÔÇöÔÇöÔÇöÔÇöÔÇöÔÇöÔÇöÔÇöÔÇöÔÇöÔÇöÔÇöÔÇöÔÇöÔÇöÔÇöÔÇöÔÇöÔÇöÔÇöÔÇöÔÇöÔÇöÔÇöÔÇöÔÇöÔÇöÔÇöÔÇöÔÇö
Generated: scripts\pdf\pdf-registry.generated.ts
Entries: 58 (base=58, variants=0)

­ƒº▒ Step 2/3 ÔÇö Generate missing format variants
ÔÇöÔÇöÔÇöÔÇöÔÇöÔÇöÔÇöÔÇöÔÇöÔÇöÔÇöÔÇöÔÇöÔÇöÔÇöÔÇöÔÇöÔÇöÔÇöÔÇöÔÇöÔÇöÔÇöÔÇöÔÇöÔÇöÔÇöÔÇöÔÇöÔÇöÔÇöÔÇöÔÇöÔÇöÔÇöÔÇöÔÇöÔÇöÔÇöÔÇöÔÇöÔÇöÔÇöÔÇöÔÇöÔÇöÔÇöÔÇöÔÇöÔÇöÔÇöÔÇöÔÇöÔÇöÔÇöÔÇöÔÇöÔÇöÔÇöÔÇöÔÇöÔÇöÔÇöÔÇöÔÇöÔÇöÔÇöÔÇöÔÇöÔÇöÔÇöÔÇö
Using cover image: assets/images/purpose-cover.jpg
Ô£à Premium fonts registered successfully
============================================================
­ƒôÜ PDF Generation System - Abraham of London
============================================================
­ƒöä Starting PDF generation pipeline...
­ƒôè Context: quality=premium, tier=free
­ƒöì Scanning content directories...
Ô£à Found 28 content files
Ô£à Found 5 library PDF files
  ÔÜá Ignoring weaker duplicate for board-decision-log-template: xlsx (kept mdx)
  ÔÜá Ignoring weaker duplicate for operating-cadence-pack: pptx (kept mdx)
  ÔÜá Replacing source for decision-log-template: mdx -> pdf
  ÔÜá Replacing source for ultimate-purpose-of-man-editorial: mdx -> pdf
  Ô£ô mdx: abraham-vault-pack
  Ô£ô mdx: board-decision-log-template
  Ô£ô mdx: board-investor-onepager
  Ô£ô mdx: brotherhood-covenant
  Ô£ô mdx: canon-volume-iv-diagnostic-toolkit
  Ô£ô mdx: canon-volume-v-governance-diagnostic-toolkit
  Ô£ô mdx: communication-script-bpf
  Ô£ô pdf: decision-log-template
  Ô£ô mdx: decision-matrix-scorecard
  Ô£ô mdx: download-legacy-architecture-canvas
  Ô£ô mdx: entrepreneur-operating-pack
  Ô£ô mdx: entrepreneur-survival-checklist
  Ô£ô mdx: family-altar-liturgy
  Ô£ô mdx: leaders-cue-card-two-up
  Ô£ô mdx: leadership-playbook
  Ô£ô mdx: legacy-canvas
  Ô£ô mdx: life-alignment-assessment
  Ô£ô mdx: mentorship-starter-kit
  Ô£ô mdx: operating-cadence-pack
  Ô£ô mdx: principles-for-my-son-cue-card
  Ô£ô mdx: principles-for-my-son
  Ô£ô mdx: purpose-pyramid-worksheet
  Ô£ô mdx: scripture-track-john14
  Ô£ô mdx: standards-brief
  Ô£ô pdf: ultimate-purpose-of-man-editorial
  Ô£ô mdx: weekly-operating-rhythm
  Ô£ô pdf: decision-matrix-scorecard-fillable
  Ô£ô pdf: legacy-canvas-fillable
  Ô£ô pdf: purpose-pyramid-worksheet-fillable
­ƒôê Found 26 PDFs to generate (out of 29 total)
­ƒÜÇ Generating: Abraham Vault ÔÇö Strategic Artifacts Pack (abraham-vault-pack)
   Source: content\downloads\abraham-vault-pack.mdx
   Output: /assets/downloads/content-downloads/abraham-vault-pack.pdf
­ƒôä Converting abraham-vault-pack.mdx to PDF (Simple converter)...
Ô£à Converted: abraham-vault-pack.__tmp__.pdf (2.0 KB)
Ô£à Success: /assets/downloads/content-downloads/abraham-vault-pack.pdf (2KB)
­ƒÜÇ Generating: Board Decision Log Template (board-decision-log-template)
   Source: content\downloads\board-decision-log-template.mdx
   Output: /assets/downloads/content-downloads/board-decision-log-template.pdf
­ƒôä Converting board-decision-log-template.mdx to PDF (Simple converter)...
Ô£à Converted: board-decision-log-template.__tmp__.pdf (1.6 KB)
Ô£à Success: /assets/downloads/content-downloads/board-decision-log-template.pdf (2KB)
­ƒÜÇ Generating: Board & Investor One-Pager Template (board-investor-onepager)
   Source: content\downloads\board-investor-onepager.mdx
   Output: /assets/downloads/content-downloads/board-investor-onepager.pdf
­ƒôä Converting board-investor-onepager.mdx to PDF (Simple converter)...
Ô£à Converted: board-investor-onepager.__tmp__.pdf (1.5 KB)
Ô£à Success: /assets/downloads/content-downloads/board-investor-onepager.pdf (1KB)
­ƒÜÇ Generating: Brotherhood Covenant (brotherhood-covenant)
   Source: content\downloads\brotherhood-covenant.mdx
   Output: /assets/downloads/content-downloads/brotherhood-covenant.pdf
­ƒôä Converting brotherhood-covenant.mdx to PDF (Simple converter)...
Ô£à Converted: brotherhood-covenant.__tmp__.pdf (2.9 KB)
Ô£à Success: /assets/downloads/content-downloads/brotherhood-covenant.pdf (3KB)
­ƒÜÇ Generating: Canon Volume IV - Culture-Decadence Diagnostic Toolkit (canon-volume-iv-diagnostic-toolkit)
   Source: content\downloads\canon-volume-iv-diagnostic-toolkit.mdx
   Output: /assets/downloads/content-downloads/canon-volume-iv-diagnostic-toolkit.pdf
­ƒôä Converting canon-volume-iv-diagnostic-toolkit.mdx to PDF (Simple converter)...
ÔÜá MDX/MD conversion failed: WinAnsi cannot encode "ÔåÆ" (0x2192), creating placeholder...
Ô£à Success: /assets/downloads/content-downloads/canon-volume-iv-diagnostic-toolkit.pdf (1KB)
­ƒÜÇ Generating: Canon Volume V - Governance Diagnostic Toolkit (canon-volume-v-governance-diagnostic-toolkit)
   Source: content\downloads\canon-volume-v-governance-diagnostic-toolkit.mdx
   Output: /assets/downloads/content-downloads/canon-volume-v-governance-diagnostic-toolkit.pdf
­ƒôä Converting canon-volume-v-governance-diagnostic-toolkit.mdx to PDF (Simple converter)...
ÔÜá MDX/MD conversion failed: WinAnsi cannot encode "ÔåÆ" (0x2192), creating placeholder...
Ô£à Success: /assets/downloads/content-downloads/canon-volume-v-governance-diagnostic-toolkit.pdf (1KB)
­ƒÜÇ Generating: Brotherhood Communication Script (communication-script-bpf)
   Source: content\downloads\communication-script-bpf.mdx
   Output: /assets/downloads/content-downloads/communication-script-bpf.pdf
­ƒôä Converting communication-script-bpf.mdx to PDF (Simple converter)...
Ô£à Converted: communication-script-bpf.__tmp__.pdf (3.0 KB)
Ô£à Success: /assets/downloads/content-downloads/communication-script-bpf.pdf (3KB)
­ƒÜÇ Generating: Decision Matrix Scorecard (decision-matrix-scorecard)
   Source: content\downloads\decision-matrix-scorecard.mdx
   Output: /assets/downloads/content-downloads/decision-matrix-scorecard.pdf
­ƒôä Converting decision-matrix-scorecard.mdx to PDF (Simple converter)...
Ô£à Converted: decision-matrix-scorecard.__tmp__.pdf (1.7 KB)
Ô£à Success: /assets/downloads/content-downloads/decision-matrix-scorecard.pdf (2KB)
­ƒÜÇ Generating: The Legacy Architecture Canvas (download-legacy-architecture-canvas)
   Source: content\downloads\download-legacy-architecture-canvas.mdx
   Output: /assets/downloads/content-downloads/download-legacy-architecture-canvas.pdf
­ƒôä Converting download-legacy-architecture-canvas.mdx to PDF (Simple converter)...
Ô£à Converted: download-legacy-architecture-canvas.__tmp__.pdf (3.1 KB)
Ô£à Success: /assets/downloads/content-downloads/download-legacy-architecture-canvas.pdf (3KB)
­ƒÜÇ Generating: Entrepreneur Operating Pack (entrepreneur-operating-pack)
   Source: content\downloads\entrepreneur-operating-pack.mdx
   Output: /assets/downloads/content-downloads/entrepreneur-operating-pack.pdf
­ƒôä Converting entrepreneur-operating-pack.mdx to PDF (Simple converter)...
Ô£à Converted: entrepreneur-operating-pack.__tmp__.pdf (3.1 KB)
Ô£à Success: /assets/downloads/content-downloads/entrepreneur-operating-pack.pdf (3KB)
­ƒÜÇ Generating: Entrepreneurial Survival Checklist (entrepreneur-survival-checklist)
   Source: content\downloads\entrepreneur-survival-checklist.mdx
   Output: /assets/downloads/content-downloads/entrepreneur-survival-checklist.pdf
­ƒôä Converting entrepreneur-survival-checklist.mdx to PDF (Simple converter)...
Ô£à Converted: entrepreneur-survival-checklist.__tmp__.pdf (3.1 KB)
Ô£à Success: /assets/downloads/content-downloads/entrepreneur-survival-checklist.pdf (3KB)
­ƒÜÇ Generating: Family Altar Liturgy (family-altar-liturgy)
   Source: content\downloads\family-altar-liturgy.mdx
   Output: /assets/downloads/content-downloads/family-altar-liturgy.pdf
­ƒôä Converting family-altar-liturgy.mdx to PDF (Simple converter)...
Ô£à Converted: family-altar-liturgy.__tmp__.pdf (3.0 KB)
Ô£à Success: /assets/downloads/content-downloads/family-altar-liturgy.pdf (3KB)
­ƒÜÇ Generating: Leader's Cue Card (Two Up) (leaders-cue-card-two-up)
   Source: content\downloads\leaders-cue-card-two-up.mdx
   Output: /assets/downloads/content-downloads/leaders-cue-card-two-up.pdf
­ƒôä Converting leaders-cue-card-two-up.mdx to PDF (Simple converter)...
Ô£à Converted: leaders-cue-card-two-up.__tmp__.pdf (2.3 KB)
Ô£à Success: /assets/downloads/content-downloads/leaders-cue-card-two-up.pdf (2KB)
­ƒÜÇ Generating: The Leadership Playbook (leadership-playbook)
   Source: content\downloads\leadership-playbook.mdx
   Output: /assets/downloads/content-downloads/leadership-playbook.pdf
­ƒôä Converting leadership-playbook.mdx to PDF (Simple converter)...
Ô£à Converted: leadership-playbook.__tmp__.pdf (3.0 KB)
Ô£à Success: /assets/downloads/content-downloads/leadership-playbook.pdf (3KB)
­ƒÜÇ Generating: The Legacy Architecture Canvas (legacy-canvas)
   Source: content\downloads\legacy-canvas.mdx
   Output: /assets/downloads/content-downloads/legacy-canvas.pdf
­ƒôä Converting legacy-canvas.mdx to PDF (Simple converter)...
Ô£à Converted: legacy-canvas.__tmp__.pdf (3.1 KB)
Ô£à Success: /assets/downloads/content-downloads/legacy-canvas.pdf (3KB)
­ƒÜÇ Generating: Mentorship Starter Kit (mentorship-starter-kit)
   Source: content\downloads\mentorship-starter-kit.mdx
   Output: /assets/downloads/content-downloads/mentorship-starter-kit.pdf
­ƒôä Converting mentorship-starter-kit.mdx to PDF (Simple converter)...
Ô£à Converted: mentorship-starter-kit.__tmp__.pdf (2.2 KB)
Ô£à Success: /assets/downloads/content-downloads/mentorship-starter-kit.pdf (2KB)
­ƒÜÇ Generating: Operating Cadence Pack (operating-cadence-pack)
   Source: content\downloads\operating-cadence-pack.mdx
   Output: /assets/downloads/content-downloads/operating-cadence-pack.pdf
­ƒôä Converting operating-cadence-pack.mdx to PDF (Simple converter)...
Ô£à Converted: operating-cadence-pack.__tmp__.pdf (1.6 KB)
Ô£à Success: /assets/downloads/content-downloads/operating-cadence-pack.pdf (2KB)
­ƒÜÇ Generating: Principles for My Son - Cue Card (principles-for-my-son-cue-card)
   Source: content\downloads\principles-for-my-son-cue-card.mdx
   Output: /assets/downloads/content-downloads/principles-for-my-son-cue-card.pdf
­ƒôä Converting principles-for-my-son-cue-card.mdx to PDF (Simple converter)...
Ô£à Converted: principles-for-my-son-cue-card.__tmp__.pdf (2.3 KB)
Ô£à Success: /assets/downloads/content-downloads/principles-for-my-son-cue-card.pdf (2KB)
­ƒÜÇ Generating: Principles for My Son (principles-for-my-son)
   Source: content\downloads\principles-for-my-son.mdx
   Output: /assets/downloads/content-downloads/principles-for-my-son.pdf
­ƒôä Converting principles-for-my-son.mdx to PDF (Simple converter)...
Ô£à Converted: principles-for-my-son.__tmp__.pdf (3.0 KB)
Ô£à Success: /assets/downloads/content-downloads/principles-for-my-son.pdf (3KB)
­ƒÜÇ Generating: Purpose Pyramid Worksheet (purpose-pyramid-worksheet)
   Source: content\downloads\purpose-pyramid-worksheet.mdx
   Output: /assets/downloads/content-downloads/purpose-pyramid-worksheet.pdf
­ƒôä Converting purpose-pyramid-worksheet.mdx to PDF (Simple converter)...
ÔÜá MDX/MD conversion failed: WinAnsi cannot encode "ÔåÆ" (0x2192), creating placeholder...
Ô£à Success: /assets/downloads/content-downloads/purpose-pyramid-worksheet.pdf (1KB)
­ƒÜÇ Generating: Scripture Track - John 14 (scripture-track-john14)
   Source: content\downloads\scripture-track-john14.mdx
   Output: /assets/downloads/content-downloads/scripture-track-john14.pdf
­ƒôä Converting scripture-track-john14.mdx to PDF (Simple converter)...
Ô£à Converted: scripture-track-john14.__tmp__.pdf (3.0 KB)
Ô£à Success: /assets/downloads/content-downloads/scripture-track-john14.pdf (3KB)
­ƒÜÇ Generating: Standards Brief (standards-brief)
   Source: content\downloads\standards-brief.mdx
   Output: /assets/downloads/content-downloads/standards-brief.pdf
­ƒôä Converting standards-brief.mdx to PDF (Simple converter)...
Ô£à Converted: standards-brief.__tmp__.pdf (2.8 KB)
Ô£à Success: /assets/downloads/content-downloads/standards-brief.pdf (3KB)
­ƒÜÇ Generating: Weekly Operating Rhythm & Daily Blocks (weekly-operating-rhythm)
   Source: content\downloads\weekly-operating-rhythm.mdx
   Output: /assets/downloads/content-downloads/weekly-operating-rhythm.pdf
­ƒôä Converting weekly-operating-rhythm.mdx to PDF (Simple converter)...
Ô£à Converted: weekly-operating-rhythm.__tmp__.pdf (2.8 KB)
Ô£à Success: /assets/downloads/content-downloads/weekly-operating-rhythm.pdf (3KB)
­ƒÜÇ Generating: Decision Matrix Scorecard Fillable (decision-matrix-scorecard-fillable)
   Source: lib\pdf\decision-matrix-scorecard-fillable.pdf
   Output: /assets/downloads/lib-pdf/decision-matrix-scorecard-fillable.pdf
­ƒôï Copying PDF from decision-matrix-scorecard-fillable.pdf...
Ô£à Copied: decision-matrix-scorecard-fillable.__tmp__.pdf (35.8 KB)
Ô£à Success: /assets/downloads/lib-pdf/decision-matrix-scorecard-fillable.pdf (36KB)
­ƒÜÇ Generating: Legacy Canvas Fillable (legacy-canvas-fillable)
   Source: lib\pdf\legacy-canvas-fillable.pdf
   Output: /assets/downloads/lib-pdf/legacy-canvas-fillable.pdf
­ƒôï Copying PDF from legacy-canvas-fillable.pdf...
Ô£à Copied: legacy-canvas-fillable.__tmp__.pdf (10.5 KB)
Ô£à Success: /assets/downloads/lib-pdf/legacy-canvas-fillable.pdf (11KB)
­ƒÜÇ Generating: Purpose Pyramid Worksheet Fillable (purpose-pyramid-worksheet-fillable)
   Source: lib\pdf\purpose-pyramid-worksheet-fillable.pdf
   Output: /assets/downloads/lib-pdf/purpose-pyramid-worksheet-fillable.pdf
­ƒôï Copying PDF from purpose-pyramid-worksheet-fillable.pdf...
Ô£à Copied: purpose-pyramid-worksheet-fillable.__tmp__.pdf (19.8 KB)
Ô£à Success: /assets/downloads/lib-pdf/purpose-pyramid-worksheet-fillable.pdf (20KB)
­ƒôï Generated registry: scripts\pdf\pdf-registry.generated.ts (29 entries)
­ƒôä Generated manifest: public\assets\downloads\pdf-manifest.json
­ƒºÀ Core alias step: ensuring canonical core PDFs exist...
ÔÜá core alias step reported failure ÔÇö audit may remain red for core files.

============================================================
­ƒôè GENERATION SUMMARY
============================================================
Ô£à Successful: 26
ÔÅ¡´©Å  Skipped: 3
ÔØî Failed: 0
­ƒÄ» Total processed: 29

­ƒÄë PDF generation completed successfully!

­ƒöü Step 3/3 ÔÇö Rebuild registry metadata (post-variants)
ÔÇöÔÇöÔÇöÔÇöÔÇöÔÇöÔÇöÔÇöÔÇöÔÇöÔÇöÔÇöÔÇöÔÇöÔÇöÔÇöÔÇöÔÇöÔÇöÔÇöÔÇöÔÇöÔÇöÔÇöÔÇöÔÇöÔÇöÔÇöÔÇöÔÇöÔÇöÔÇöÔÇöÔÇöÔÇöÔÇöÔÇöÔÇöÔÇöÔÇöÔÇöÔÇöÔÇöÔÇöÔÇöÔÇöÔÇöÔÇöÔÇöÔÇöÔÇöÔÇöÔÇöÔÇöÔÇöÔÇöÔÇöÔÇöÔÇöÔÇöÔÇöÔÇöÔÇöÔÇöÔÇöÔÇöÔÇöÔÇöÔÇöÔÇöÔÇöÔÇö
Generated: scripts\pdf\pdf-registry.generated.ts
Entries: 58 (base=58, variants=0)

Ô£à PDF registry is GREEN.
Generated file: scripts\pdf\pdf-registry.generated.ts

> @ pdf:variants C:\Abraham-of-london
> tsx scripts/pdf/generate-from-generated-registry.ts

Using cover image: assets/images/purpose-cover.jpg
Ô£à Premium fonts registered successfully
============================================================
­ƒôÜ PDF Generation System - Abraham of London
============================================================
­ƒöä Starting PDF generation pipeline...
­ƒôè Context: quality=premium, tier=free
­ƒöì Scanning content directories...
Ô£à Found 28 content files
Ô£à Found 5 library PDF files
  ÔÜá Ignoring weaker duplicate for board-decision-log-template: xlsx (kept mdx)
  ÔÜá Ignoring weaker duplicate for operating-cadence-pack: pptx (kept mdx)
  ÔÜá Replacing source for decision-log-template: mdx -> pdf
  ÔÜá Replacing source for ultimate-purpose-of-man-editorial: mdx -> pdf
  Ô£ô mdx: abraham-vault-pack
  Ô£ô mdx: board-decision-log-template
  Ô£ô mdx: board-investor-onepager
  Ô£ô mdx: brotherhood-covenant
  Ô£ô mdx: canon-volume-iv-diagnostic-toolkit
  Ô£ô mdx: canon-volume-v-governance-diagnostic-toolkit
  Ô£ô mdx: communication-script-bpf
  Ô£ô pdf: decision-log-template
  Ô£ô mdx: decision-matrix-scorecard
  Ô£ô mdx: download-legacy-architecture-canvas
  Ô£ô mdx: entrepreneur-operating-pack
  Ô£ô mdx: entrepreneur-survival-checklist
  Ô£ô mdx: family-altar-liturgy
  Ô£ô mdx: leaders-cue-card-two-up
  Ô£ô mdx: leadership-playbook
  Ô£ô mdx: legacy-canvas
  Ô£ô mdx: life-alignment-assessment
  Ô£ô mdx: mentorship-starter-kit
  Ô£ô mdx: operating-cadence-pack
  Ô£ô mdx: principles-for-my-son-cue-card
  Ô£ô mdx: principles-for-my-son
  Ô£ô mdx: purpose-pyramid-worksheet
  Ô£ô mdx: scripture-track-john14
  Ô£ô mdx: standards-brief
  Ô£ô pdf: ultimate-purpose-of-man-editorial
  Ô£ô mdx: weekly-operating-rhythm
  Ô£ô pdf: decision-matrix-scorecard-fillable
  Ô£ô pdf: legacy-canvas-fillable
  Ô£ô pdf: purpose-pyramid-worksheet-fillable
­ƒôê Found 26 PDFs to generate (out of 29 total)
­ƒÜÇ Generating: Abraham Vault ÔÇö Strategic Artifacts Pack (abraham-vault-pack)
   Source: content\downloads\abraham-vault-pack.mdx
   Output: /assets/downloads/content-downloads/abraham-vault-pack.pdf
­ƒôä Converting abraham-vault-pack.mdx to PDF (Simple converter)...
Ô£à Converted: abraham-vault-pack.__tmp__.pdf (2.0 KB)
Ô£à Success: /assets/downloads/content-downloads/abraham-vault-pack.pdf (2KB)
­ƒÜÇ Generating: Board Decision Log Template (board-decision-log-template)
   Source: content\downloads\board-decision-log-template.mdx
   Output: /assets/downloads/content-downloads/board-decision-log-template.pdf
­ƒôä Converting board-decision-log-template.mdx to PDF (Simple converter)...
Ô£à Converted: board-decision-log-template.__tmp__.pdf (1.6 KB)
Ô£à Success: /assets/downloads/content-downloads/board-decision-log-template.pdf (2KB)
­ƒÜÇ Generating: Board & Investor One-Pager Template (board-investor-onepager)
   Source: content\downloads\board-investor-onepager.mdx
   Output: /assets/downloads/content-downloads/board-investor-onepager.pdf
­ƒôä Converting board-investor-onepager.mdx to PDF (Simple converter)...
Ô£à Converted: board-investor-onepager.__tmp__.pdf (1.5 KB)
Ô£à Success: /assets/downloads/content-downloads/board-investor-onepager.pdf (1KB)
­ƒÜÇ Generating: Brotherhood Covenant (brotherhood-covenant)
   Source: content\downloads\brotherhood-covenant.mdx
   Output: /assets/downloads/content-downloads/brotherhood-covenant.pdf
­ƒôä Converting brotherhood-covenant.mdx to PDF (Simple converter)...
Ô£à Converted: brotherhood-covenant.__tmp__.pdf (2.9 KB)
Ô£à Success: /assets/downloads/content-downloads/brotherhood-covenant.pdf (3KB)
­ƒÜÇ Generating: Canon Volume IV - Culture-Decadence Diagnostic Toolkit (canon-volume-iv-diagnostic-toolkit)
   Source: content\downloads\canon-volume-iv-diagnostic-toolkit.mdx
   Output: /assets/downloads/content-downloads/canon-volume-iv-diagnostic-toolkit.pdf
­ƒôä Converting canon-volume-iv-diagnostic-toolkit.mdx to PDF (Simple converter)...
ÔÜá MDX/MD conversion failed: WinAnsi cannot encode "ÔåÆ" (0x2192), creating placeholder...
Ô£à Success: /assets/downloads/content-downloads/canon-volume-iv-diagnostic-toolkit.pdf (1KB)
­ƒÜÇ Generating: Canon Volume V - Governance Diagnostic Toolkit (canon-volume-v-governance-diagnostic-toolkit)
   Source: content\downloads\canon-volume-v-governance-diagnostic-toolkit.mdx
   Output: /assets/downloads/content-downloads/canon-volume-v-governance-diagnostic-toolkit.pdf
­ƒôä Converting canon-volume-v-governance-diagnostic-toolkit.mdx to PDF (Simple converter)...
ÔÜá MDX/MD conversion failed: WinAnsi cannot encode "ÔåÆ" (0x2192), creating placeholder...
Ô£à Success: /assets/downloads/content-downloads/canon-volume-v-governance-diagnostic-toolkit.pdf (1KB)
­ƒÜÇ Generating: Brotherhood Communication Script (communication-script-bpf)
   Source: content\downloads\communication-script-bpf.mdx
   Output: /assets/downloads/content-downloads/communication-script-bpf.pdf
­ƒôä Converting communication-script-bpf.mdx to PDF (Simple converter)...
Ô£à Converted: communication-script-bpf.__tmp__.pdf (3.0 KB)
Ô£à Success: /assets/downloads/content-downloads/communication-script-bpf.pdf (3KB)
­ƒÜÇ Generating: Decision Matrix Scorecard (decision-matrix-scorecard)
   Source: content\downloads\decision-matrix-scorecard.mdx
   Output: /assets/downloads/content-downloads/decision-matrix-scorecard.pdf
­ƒôä Converting decision-matrix-scorecard.mdx to PDF (Simple converter)...
Ô£à Converted: decision-matrix-scorecard.__tmp__.pdf (1.7 KB)
Ô£à Success: /assets/downloads/content-downloads/decision-matrix-scorecard.pdf (2KB)
­ƒÜÇ Generating: The Legacy Architecture Canvas (download-legacy-architecture-canvas)
   Source: content\downloads\download-legacy-architecture-canvas.mdx
   Output: /assets/downloads/content-downloads/download-legacy-architecture-canvas.pdf
­ƒôä Converting download-legacy-architecture-canvas.mdx to PDF (Simple converter)...
Ô£à Converted: download-legacy-architecture-canvas.__tmp__.pdf (3.1 KB)
Ô£à Success: /assets/downloads/content-downloads/download-legacy-architecture-canvas.pdf (3KB)
­ƒÜÇ Generating: Entrepreneur Operating Pack (entrepreneur-operating-pack)
   Source: content\downloads\entrepreneur-operating-pack.mdx
   Output: /assets/downloads/content-downloads/entrepreneur-operating-pack.pdf
­ƒôä Converting entrepreneur-operating-pack.mdx to PDF (Simple converter)...
Ô£à Converted: entrepreneur-operating-pack.__tmp__.pdf (3.1 KB)
Ô£à Success: /assets/downloads/content-downloads/entrepreneur-operating-pack.pdf (3KB)
­ƒÜÇ Generating: Entrepreneurial Survival Checklist (entrepreneur-survival-checklist)
   Source: content\downloads\entrepreneur-survival-checklist.mdx
   Output: /assets/downloads/content-downloads/entrepreneur-survival-checklist.pdf
­ƒôä Converting entrepreneur-survival-checklist.mdx to PDF (Simple converter)...
Ô£à Converted: entrepreneur-survival-checklist.__tmp__.pdf (3.1 KB)
Ô£à Success: /assets/downloads/content-downloads/entrepreneur-survival-checklist.pdf (3KB)
­ƒÜÇ Generating: Family Altar Liturgy (family-altar-liturgy)
   Source: content\downloads\family-altar-liturgy.mdx
   Output: /assets/downloads/content-downloads/family-altar-liturgy.pdf
­ƒôä Converting family-altar-liturgy.mdx to PDF (Simple converter)...
Ô£à Converted: family-altar-liturgy.__tmp__.pdf (3.0 KB)
Ô£à Success: /assets/downloads/content-downloads/family-altar-liturgy.pdf (3KB)
­ƒÜÇ Generating: Leader's Cue Card (Two Up) (leaders-cue-card-two-up)
   Source: content\downloads\leaders-cue-card-two-up.mdx
   Output: /assets/downloads/content-downloads/leaders-cue-card-two-up.pdf
­ƒôä Converting leaders-cue-card-two-up.mdx to PDF (Simple converter)...
Ô£à Converted: leaders-cue-card-two-up.__tmp__.pdf (2.3 KB)
Ô£à Success: /assets/downloads/content-downloads/leaders-cue-card-two-up.pdf (2KB)
­ƒÜÇ Generating: The Leadership Playbook (leadership-playbook)
   Source: content\downloads\leadership-playbook.mdx
   Output: /assets/downloads/content-downloads/leadership-playbook.pdf
­ƒôä Converting leadership-playbook.mdx to PDF (Simple converter)...
Ô£à Converted: leadership-playbook.__tmp__.pdf (3.0 KB)
Ô£à Success: /assets/downloads/content-downloads/leadership-playbook.pdf (3KB)
­ƒÜÇ Generating: The Legacy Architecture Canvas (legacy-canvas)
   Source: content\downloads\legacy-canvas.mdx
   Output: /assets/downloads/content-downloads/legacy-canvas.pdf
­ƒôä Converting legacy-canvas.mdx to PDF (Simple converter)...
Ô£à Converted: legacy-canvas.__tmp__.pdf (3.1 KB)
Ô£à Success: /assets/downloads/content-downloads/legacy-canvas.pdf (3KB)
­ƒÜÇ Generating: Mentorship Starter Kit (mentorship-starter-kit)
   Source: content\downloads\mentorship-starter-kit.mdx
   Output: /assets/downloads/content-downloads/mentorship-starter-kit.pdf
­ƒôä Converting mentorship-starter-kit.mdx to PDF (Simple converter)...
Ô£à Converted: mentorship-starter-kit.__tmp__.pdf (2.2 KB)
Ô£à Success: /assets/downloads/content-downloads/mentorship-starter-kit.pdf (2KB)
­ƒÜÇ Generating: Operating Cadence Pack (operating-cadence-pack)
   Source: content\downloads\operating-cadence-pack.mdx
   Output: /assets/downloads/content-downloads/operating-cadence-pack.pdf
­ƒôä Converting operating-cadence-pack.mdx to PDF (Simple converter)...
Ô£à Converted: operating-cadence-pack.__tmp__.pdf (1.6 KB)
Ô£à Success: /assets/downloads/content-downloads/operating-cadence-pack.pdf (2KB)
­ƒÜÇ Generating: Principles for My Son - Cue Card (principles-for-my-son-cue-card)
   Source: content\downloads\principles-for-my-son-cue-card.mdx
   Output: /assets/downloads/content-downloads/principles-for-my-son-cue-card.pdf
­ƒôä Converting principles-for-my-son-cue-card.mdx to PDF (Simple converter)...
Ô£à Converted: principles-for-my-son-cue-card.__tmp__.pdf (2.3 KB)
Ô£à Success: /assets/downloads/content-downloads/principles-for-my-son-cue-card.pdf (2KB)
­ƒÜÇ Generating: Principles for My Son (principles-for-my-son)
   Source: content\downloads\principles-for-my-son.mdx
   Output: /assets/downloads/content-downloads/principles-for-my-son.pdf
­ƒôä Converting principles-for-my-son.mdx to PDF (Simple converter)...
Ô£à Converted: principles-for-my-son.__tmp__.pdf (3.0 KB)
Ô£à Success: /assets/downloads/content-downloads/principles-for-my-son.pdf (3KB)
­ƒÜÇ Generating: Purpose Pyramid Worksheet (purpose-pyramid-worksheet)
   Source: content\downloads\purpose-pyramid-worksheet.mdx
   Output: /assets/downloads/content-downloads/purpose-pyramid-worksheet.pdf
­ƒôä Converting purpose-pyramid-worksheet.mdx to PDF (Simple converter)...
ÔÜá MDX/MD conversion failed: WinAnsi cannot encode "ÔåÆ" (0x2192), creating placeholder...
Ô£à Success: /assets/downloads/content-downloads/purpose-pyramid-worksheet.pdf (1KB)
­ƒÜÇ Generating: Scripture Track - John 14 (scripture-track-john14)
   Source: content\downloads\scripture-track-john14.mdx
   Output: /assets/downloads/content-downloads/scripture-track-john14.pdf
­ƒôä Converting scripture-track-john14.mdx to PDF (Simple converter)...
Ô£à Converted: scripture-track-john14.__tmp__.pdf (3.0 KB)
Ô£à Success: /assets/downloads/content-downloads/scripture-track-john14.pdf (3KB)
­ƒÜÇ Generating: Standards Brief (standards-brief)
   Source: content\downloads\standards-brief.mdx
   Output: /assets/downloads/content-downloads/standards-brief.pdf
­ƒôä Converting standards-brief.mdx to PDF (Simple converter)...
Ô£à Converted: standards-brief.__tmp__.pdf (2.8 KB)
Ô£à Success: /assets/downloads/content-downloads/standards-brief.pdf (3KB)
­ƒÜÇ Generating: Weekly Operating Rhythm & Daily Blocks (weekly-operating-rhythm)
   Source: content\downloads\weekly-operating-rhythm.mdx
   Output: /assets/downloads/content-downloads/weekly-operating-rhythm.pdf
­ƒôä Converting weekly-operating-rhythm.mdx to PDF (Simple converter)...
Ô£à Converted: weekly-operating-rhythm.__tmp__.pdf (2.8 KB)
Ô£à Success: /assets/downloads/content-downloads/weekly-operating-rhythm.pdf (3KB)
­ƒÜÇ Generating: Decision Matrix Scorecard Fillable (decision-matrix-scorecard-fillable)
   Source: lib\pdf\decision-matrix-scorecard-fillable.pdf
   Output: /assets/downloads/lib-pdf/decision-matrix-scorecard-fillable.pdf
­ƒôï Copying PDF from decision-matrix-scorecard-fillable.pdf...
Ô£à Copied: decision-matrix-scorecard-fillable.__tmp__.pdf (35.8 KB)
Ô£à Success: /assets/downloads/lib-pdf/decision-matrix-scorecard-fillable.pdf (36KB)
­ƒÜÇ Generating: Legacy Canvas Fillable (legacy-canvas-fillable)
   Source: lib\pdf\legacy-canvas-fillable.pdf
   Output: /assets/downloads/lib-pdf/legacy-canvas-fillable.pdf
­ƒôï Copying PDF from legacy-canvas-fillable.pdf...
Ô£à Copied: legacy-canvas-fillable.__tmp__.pdf (10.5 KB)
Ô£à Success: /assets/downloads/lib-pdf/legacy-canvas-fillable.pdf (11KB)
­ƒÜÇ Generating: Purpose Pyramid Worksheet Fillable (purpose-pyramid-worksheet-fillable)
   Source: lib\pdf\purpose-pyramid-worksheet-fillable.pdf
   Output: /assets/downloads/lib-pdf/purpose-pyramid-worksheet-fillable.pdf
­ƒôï Copying PDF from purpose-pyramid-worksheet-fillable.pdf...
Ô£à Copied: purpose-pyramid-worksheet-fillable.__tmp__.pdf (19.8 KB)
Ô£à Success: /assets/downloads/lib-pdf/purpose-pyramid-worksheet-fillable.pdf (20KB)
­ƒôï Generated registry: scripts\pdf\pdf-registry.generated.ts (29 entries)
­ƒôä Generated manifest: public\assets\downloads\pdf-manifest.json
­ƒºÀ Core alias step: ensuring canonical core PDFs exist...
ÔÜá core alias step reported failure ÔÇö audit may remain red for core files.

============================================================
­ƒôè GENERATION SUMMARY
============================================================
Ô£à Successful: 26
ÔÅ¡´©Å  Skipped: 3
ÔØî Failed: 0
­ƒÄ» Total processed: 29

­ƒÄë PDF generation completed successfully!

> @ pdf:generate:assets C:\Abraham-of-london
> tsx scripts/pdf/generate-pdf-assets.ts

­ƒÜÇ PDF Assets Generator - Registry Edition
Ô£à PDF registry module loaded
Mode: Standalone execution
­ƒôè PDF Assets Build Process
============================================================
­ƒôä Total PDFs in registry: 58

­ƒôï Sample PDFs from registry:
  1. Legacy Architecture Canvas (A4 ÔÇó Premium Architect) (legacy-architecture-canvas-a4-premium-architect)
  2. Legacy Architecture Canvas (Letter ÔÇó Premium Architect) (legacy-architecture-canvas-letter-premium-architect)
  3. Legacy Architecture Canvas (A3 ÔÇó Premium Architect) (legacy-architecture-canvas-a3-premium-architect)
  ... and 55 more

­ƒöì PDFs potentially needing generation: 5

­ƒôØ PDFs to check:
  ÔÇó Legacy Architecture Canvas (A4 ÔÇó Premium Architect) ÔåÆ /assets/downloads/legacy-architecture-canvas-a4-premium-architect.pdf
  ÔÇó Legacy Architecture Canvas (Letter ÔÇó Premium Architect) ÔåÆ /assets/downloads/legacy-architecture-canvas-letter-premium-architect.pdf
  ÔÇó Legacy Architecture Canvas (A3 ÔÇó Premium Architect) ÔåÆ /assets/downloads/legacy-architecture-canvas-a3-premium-architect.pdf
  ÔÇó Legacy Architecture Canvas (A4 ÔÇó Premium Architect ÔÇó Interactive) ÔåÆ /assets/downloads/legacy-architecture-canvas-a4-premium-architect-interactive.pdf
  ÔÇó Legacy Architecture Canvas (Letter ÔÇó Premium Architect ÔÇó Interactive) ÔåÆ /assets/downloads/legacy-architecture-canvas-letter-premium-architect-interactive.pdf

­ƒÆí Note: Actual file existence check not implemented

============================================================
­ƒôê GENERATION SUMMARY
============================================================
Ô£à Would generate: 5
ÔÅ¡´©Å  Already exist: 53
­ƒÄ» Total in registry: 58

==================================================
­ƒÄë PDF GENERATION SIMULATION COMPLETE
­ƒÆí Note: This is a simulation only
­ƒÆí To actually generate PDFs, implement the generation logic
==================================================

> @ fm:validate C:\Abraham-of-london
> node scripts/validate-frontmatter.mjs

========================================
­ƒôî Frontmatter Validation Report
========================================
Scanned:  162 files
Fatal:    0
Warnings: 1

ÔÜá´©Å Warnings (fix soon):
 - downloads\life-alignment-assessment.mdx: Unknown field "download" for type Download

­ƒôï Report saved: C:\Abraham-of-london\frontmatter-validation-report.json

> @ fix:windows C:\Abraham-of-london
> node scripts/windows-fix.js

[fix:windows] Running safe Windows hygiene...
[fix:windows] Done (non-fatal).

> @ fix:yaml C:\Abraham-of-london
> node scripts/fix-yaml-specific.cjs

[fix:yaml] Scanning directory: C:\Abraham-of-london\content
[fix:yaml] Scanned 162 files. Updated 0.

> @ content:full C:\Abraham-of-london
> pnpm content:clean && pnpm fix:yaml && pnpm contentlayer:safe && pnpm content:validate


> @ content:clean C:\Abraham-of-london
> rimraf .contentlayer .next/content


> @ fix:yaml C:\Abraham-of-london
> node scripts/fix-yaml-specific.cjs

[fix:yaml] Scanning directory: C:\Abraham-of-london\content
[fix:yaml] Scanned 162 files. Updated 0.

> @ contentlayer:safe C:\Abraham-of-london
> pnpm exec contentlayer2 build --clearCache

Warning: Contentlayer might not work as expected on Windows
Cache cleared successfully
[Contentlayer] Windows detected - applying file permission workarounds
[Contentlayer] Windows detected - applying file permission workarounds
successCallback C:/Abraham-of-london/.contentlayer
Ô£à Contentlayer build complete on Windows. Documents: 162
ÔÜá Windows file permission workarounds are active
Generated 162 documents in .contentlayer

> @ content:validate C:\Abraham-of-london
> node scripts/validate-frontmatter.mjs

========================================
­ƒôî Frontmatter Validation Report
========================================
Scanned:  162 files
Fatal:    0
Warnings: 1

ÔÜá´©Å Warnings (fix soon):
 - downloads\life-alignment-assessment.mdx: Unknown field "download" for type Download

­ƒôï Report saved: C:\Abraham-of-london\frontmatter-validation-report.json

> @ assets:optimize C:\Abraham-of-london
> node scripts/optimize-assets.js

­ƒÜÇ Starting asset optimization
============================================================

> @ build C:\Abraham-of-london
> cross-env TURBOPACK_DISABLED=true NEXT_RUNTIME=nodejs next build

  Ôû▓ Next.js 14.2.35
  - Environments: .env.local, .env.production, .env
  - Experiments (use with caution):
    ┬À scrollRestoration

   Creating an optimized production build ...
 ÔÜá You are using an experimental edge runtime, the API might change.
Warning: Contentlayer might not work as expected on Windows
[Contentlayer] Windows detected - applying file permission workarounds
[Contentlayer] Windows detected - applying file permission workarounds
successCallback C:/Abraham-of-london/.contentlayer
Ô£à Contentlayer build complete on Windows. Documents: 162
ÔÜá Windows file permission workarounds are active
Generated 162 documents in .contentlayer
 ÔÜá Compiled with warnings

./components/ui/LoadingSpinner.tsx
export 'default' (reexported as 'LoadingSpinner') was not found in './LoadingSpinner' (possible exports: LoadingSpinner, SkeletonLoader)

Import trace for requested module:
./components/ui/LoadingSpinner.tsx

./components/ui/LoadingSpinner.tsx
export 'default' (reexported as 'LoadingSpinner') was not found in './LoadingSpinner' (possible exports: LoadingSpinner, SkeletonLoader)

Import trace for requested module:
./components/ui/LoadingSpinner.tsx
./pages/admin/inner-circle/index.tsx

./scripts/generate-pdfs.tsx
Critical dependency: the request of a dependency is an expression

Import trace for requested module:
./scripts/generate-pdfs.tsx
./pages/api/generate-pdfs/batch.ts

   Skipping validation of types
   Skipping linting
   Collecting page data ...
 ÔÜá Using edge runtime on a page currently disables static generation for that page
[Redis] Initializing Redis client...
TypeError: Cannot read properties of undefined (reading 'wV')
    at Object.wV (C:\Abraham-of-london\.next\server\chunks\3131.js:1:445)
    at C:\Abraham-of-london\.next\server\chunks\3131.js:1:5632
    at t.a (C:\Abraham-of-london\.next\server\webpack-runtime.js:1:891)
    at 15378 (C:\Abraham-of-london\.next\server\chunks\3131.js:1:5478)
    at t (C:\Abraham-of-london\.next\server\webpack-runtime.js:1:128)
    at C:\Abraham-of-london\.next\server\chunks\3131.js:1:862
    at t.a (C:\Abraham-of-london\.next\server\webpack-runtime.js:1:891)
    at 98342 (C:\Abraham-of-london\.next\server\chunks\3131.js:1:554)
    at t (C:\Abraham-of-london\.next\server\webpack-runtime.js:1:128)
    at C:\Abraham-of-london\.next\server\chunks\3131.js:1:468

> Build error occurred
Error: Failed to collect page data for /blog
    at C:\Abraham-of-london\node_modules\.pnpm\next@14.2.35_@babel+core@7.28.6_@opentelemetry+api@1.9.0_@playwright+test@1.57.0_react-dom@18_alf72y3vlodqimorxfjtbkrwl4\node_modules\next\dist\build\utils.js:1269:15 {
  type: 'Error'
}
ÔÇëELIFECYCLEÔÇë Command failed with exit code 1.
